PhantomJS is launching GhostDriver...
[INFO  - 2015-11-17T10:55:46.734Z] GhostDriver - Main - running on port 1070
[INFO  - 2015-11-17T10:55:47.951Z] Session [c25e0ab0-8d19-11e5-9c6e-4311f3b82ddf] - page.settings - {"XSSAuditingEnabled":false,"javascriptCanCloseWindows":true,"javascriptCanOpenWindows":true,"javascriptEnabled":true,"loadImages":true,"localToRemoteUrlAccessEnabled":false,"userAgent":"Mozilla/5.0 (Windows NT 5.1) AppleWebKit/534.34 (KHTML, like Gecko) PhantomJS/1.9.8 Safari/534.34","webSecurityEnabled":true}
[INFO  - 2015-11-17T10:55:47.952Z] Session [c25e0ab0-8d19-11e5-9c6e-4311f3b82ddf] - page.customHeaders:  - {}
[INFO  - 2015-11-17T10:55:47.952Z] Session [c25e0ab0-8d19-11e5-9c6e-4311f3b82ddf] - Session.negotiatedCapabilities - {"browserName":"phantomjs","version":"1.9.8","driverName":"ghostdriver","driverVersion":"1.1.0","platform":"windows-XP-32bit","javascriptEnabled":true,"takesScreenshot":true,"handlesAlerts":false,"databaseEnabled":false,"locationContextEnabled":false,"applicationCacheEnabled":false,"browserConnectionEnabled":false,"cssSelectorsEnabled":true,"webStorageEnabled":false,"rotatable":false,"acceptSslCerts":false,"nativeEvents":true,"proxy":{"proxyType":"direct"}}
[INFO  - 2015-11-17T10:55:47.952Z] SessionManagerReqHand - _postNewSessionCommand - New Session Created: c25e0ab0-8d19-11e5-9c6e-4311f3b82ddf
[INFO  - 2015-11-17T11:00:46.716Z] SessionManagerReqHand - _cleanupWindowlessSessions - Asynchronous Sessions clean-up phase starting NOW
[INFO  - 2015-11-17T11:05:47.154Z] SessionManagerReqHand - _cleanupWindowlessSessions - Asynchronous Sessions clean-up phase starting NOW
[INFO  - 2015-11-17T11:10:47.109Z] SessionManagerReqHand - _cleanupWindowlessSessions - Asynchronous Sessions clean-up phase starting NOW
[INFO  - 2015-11-17T11:15:47.121Z] SessionManagerReqHand - _cleanupWindowlessSessions - Asynchronous Sessions clean-up phase starting NOW
[INFO  - 2015-11-17T11:20:47.128Z] SessionManagerReqHand - _cleanupWindowlessSessions - Asynchronous Sessions clean-up phase starting NOW
[INFO  - 2015-11-17T11:25:47.132Z] SessionManagerReqHand - _cleanupWindowlessSessions - Asynchronous Sessions clean-up phase starting NOW
[INFO  - 2015-11-17T11:30:48.630Z] SessionManagerReqHand - _cleanupWindowlessSessions - Asynchronous Sessions clean-up phase starting NOW
[INFO  - 2015-11-17T11:35:48.634Z] SessionManagerReqHand - _cleanupWindowlessSessions - Asynchronous Sessions clean-up phase starting NOW
[INFO  - 2015-11-17T11:40:48.634Z] SessionManagerReqHand - _cleanupWindowlessSessions - Asynchronous Sessions clean-up phase starting NOW
ionManagerReqHand - _cleanupWindowlessSessions - Asynchronous Sessions clean-up phase starting NOW
[INFO  - 2015-11-17T11:40:46.353Z] SessionManagerReqHand - _cleanupWindowlessSessions - Asynchronous Sessions clean-up phase starting NOW
fek.dfcfw.com/gubav5/js/gubabase_da218adfac.js:1)
  (anonymous function) (http://gbfek.dfcfw.com/gubav5/js/gubabase_da218adfac.js:1)
  (anonymous function) (http://gbfek.dfcfw.com/gubav5/js/gubabase_da218adfac.js:1)
[INFO  - 2015-11-17T11:15:47.725Z] SessionManagerReqHand - _cleanupWindowlessSessions - Asynchronous Sessions clean-up phase starting NOW
[INFO  - 2015-11-17T11:20:47.910Z] SessionManagerReqHand - _cleanupWindowlessSessions - Asynchronous Sessions clean-up phase starting NOW
[INFO  - 2015-11-17T11:25:47.898Z] SessionManagerReqHand - _cleanupWindowlessSessions - Asynchronous Sessions clean-up phase starting NOW
[ERROR - 2015-11-17T11:26:27.179Z] Session [c1bb3b00-8d19-11e5-ba24-4bc41087b8f9] - page.onError - msg: NETWORK_ERR: XMLHttpRequest Exception 101: A network error occured in synchronous requests.
[ERROR - 2015-11-17T11:26:27.179Z] Session [c1bb3b00-8d19-11e5-ba24-4bc41087b8f9] - page.onError - stack:
  (anonymous function) (http://gbfek.dfcfw.com/gubav5/js/list_m_ea1cfa2192.js:1)
  (anonymous function) (http://gbfek.dfcfw.com/gubav5/js/list_m_ea1cfa2192.js:1)
  (anonymous function) (http://gbfek.dfcfw.com/gubav5/js/gubabase_da218adfac.js:1)
  (anonymous function) (http://gbfek.dfcfw.com/gubav5/js/gubabase_da218adfac.js:1)
  (anonymous function) (http://gbfek.dfcfw.com/gubav5/js/gubabase_da218adfac.js:1)
  (anonymous function) (http://gbfek.dfcfw.com/gubav5/js/gubabase_da218adfac.js:1)
  (anonymous function) (http://gbfek.dfcfw.com/gubav5/js/gubabase_da218adfac.js:1)
  (anonymous function) (http://gbfek.dfcfw.com/gubav5/js/gubabase_da218adfac.js:1)
  each (http://gbfek.dfcfw.com/gubav5/js/gubabase_da218adfac.js:1)
  (anonymous function) (http://gbfek.dfcfw.com/gubav5/js/gubabase_da218adfac.js:1)
  (anonymous function) (http://gbfek.dfcfw.com/gubav5/js/gubabase_da218adfac.js:1)
  (anonymous function) (http://gbfek.dfcfw.com/gubav5/js/gubabase_da218adfac.js:1)
[INFO  - 2015-11-17T11:30:47.898Z] SessionManagerReqHand - _cleanupWindowlessSessions - Asynchronous Sessions clean-up phase starting NOW
[INFO  - 2015-11-17T11:35:47.900Z] SessionManagerReqHand - _cleanupWindowlessSessions - Asynchronous Sessions clean-up phase starting NOW
[INFO  - 2015-11-17T11:40:47.911Z] SessionManagerReqHand - _cleanupWindowlessSessions - Asynchronous Sessions clean-up phase starting NOW
